0 info it worked if it ends with ok
1 verbose cli [ '/usr/bin/nodejs', '/usr/bin/npm', 'start', 'watch' ]
2 info using npm@4.0.2
3 info using node@v4.6.1
4 verbose run-script [ 'prestart', 'start', 'poststart' ]
5 info lifecycle ritm_tipkovnica@1.0.0~prestart: ritm_tipkovnica@1.0.0
6 silly lifecycle ritm_tipkovnica@1.0.0~prestart: no script for prestart, continuing
7 info lifecycle ritm_tipkovnica@1.0.0~start: ritm_tipkovnica@1.0.0
8 verbose lifecycle ritm_tipkovnica@1.0.0~start: unsafe-perm in lifecycle true
9 verbose lifecycle ritm_tipkovnica@1.0.0~start: PATH: /usr/lib/node_modules/npm/bin/node-gyp-bin:/home/jure/faks/ritm_tipkovnica/node_modules/.bin:/home/jure/bin:/home/jure/.local/bin:/usr/local/sbin:/usr/local/bin:/usr/sbin:/usr/bin:/sbin:/bin:/usr/games:/usr/local/games:/snap/bin
10 verbose lifecycle ritm_tipkovnica@1.0.0~start: CWD: /home/jure/faks/ritm_tipkovnica
11 silly lifecycle ritm_tipkovnica@1.0.0~start: Args: [ '-c', 'node server.js "watch"' ]
12 silly lifecycle ritm_tipkovnica@1.0.0~start: Returned: code: 1  signal: null
13 info lifecycle ritm_tipkovnica@1.0.0~start: Failed to exec start script
14 verbose stack Error: ritm_tipkovnica@1.0.0 start: `node server.js "watch"`
14 verbose stack Exit status 1
14 verbose stack     at EventEmitter.<anonymous> (/usr/lib/node_modules/npm/lib/utils/lifecycle.js:279:16)
14 verbose stack     at emitTwo (events.js:87:13)
14 verbose stack     at EventEmitter.emit (events.js:172:7)
14 verbose stack     at ChildProcess.<anonymous> (/usr/lib/node_modules/npm/lib/utils/spawn.js:40:14)
14 verbose stack     at emitTwo (events.js:87:13)
14 verbose stack     at ChildProcess.emit (events.js:172:7)
14 verbose stack     at maybeClose (internal/child_process.js:829:16)
14 verbose stack     at Process.ChildProcess._handle.onexit (internal/child_process.js:211:5)
15 verbose pkgid ritm_tipkovnica@1.0.0
16 verbose cwd /home/jure/faks/ritm_tipkovnica
17 error Linux 4.4.0-47-generic
18 error argv "/usr/bin/nodejs" "/usr/bin/npm" "start" "watch"
19 error node v4.6.1
20 error npm  v4.0.2
21 error code ELIFECYCLE
22 error ritm_tipkovnica@1.0.0 start: `node server.js "watch"`
22 error Exit status 1
23 error Failed at the ritm_tipkovnica@1.0.0 start script 'node server.js "watch"'.
23 error Make sure you have the latest version of node.js and npm installed.
23 error If you do, this is most likely a problem with the ritm_tipkovnica package,
23 error not with npm itself.
23 error Tell the author that this fails on your system:
23 error     node server.js "watch"
23 error You can get information on how to open an issue for this project with:
23 error     npm bugs ritm_tipkovnica
23 error Or if that isn't available, you can get their info via:
23 error     npm owner ls ritm_tipkovnica
23 error There is likely additional logging output above.
24 verbose exit [ 1, true ]
